# JRE version: Java(TM) SE Runtime Environment (8.0_181-b13) (build 1.8.0_181-b13)
# Java VM: Java HotSpot(TM) 64-Bit Server VM (25.181-b13 mixed mode windows-amd64 compressed oops)
Heap:
 PSYoungGen      total 46080K, used 3060K [0x00000000efd80000, 0x00000000f3080000, 0x0000000100000000)
  eden space 40960K, 0% used [0x00000000efd80000,0x00000000efd80000,0x00000000f2580000)
  from space 5120K, 59% used [0x00000000f2b80000,0x00000000f2e7d170,0x00000000f3080000)
  to   space 5632K, 0% used [0x00000000f2580000,0x00000000f2580000,0x00000000f2b00000)
 ParOldGen       total 34304K, used 10144K [0x00000000cf800000, 0x00000000d1980000, 0x00000000efd80000)
  object space 34304K, 29% used [0x00000000cf800000,0x00000000d01e8068,0x00000000d1980000)
 Metaspace       used 18721K, capacity 19198K, committed 19328K, reserved 1071104K
  class space    used 2200K, capacity 2339K, committed 2432K, reserved 1048576K
GC Heap History (10 events):
Event: 10.118 GC heap after
Heap after GC invocations=6 (full 0):
 PSYoungGen      total 18432K, used 4169K [0x00000000efd80000, 0x00000000f2180000, 0x0000000100000000)
  eden space 12800K, 0% used [0x00000000efd80000,0x00000000efd80000,0x00000000f0a00000)
  from space 5632K, 74% used [0x00000000f0f80000,0x00000000f13925e8,0x00000000f1500000)
  to   space 5632K, 0% used [0x00000000f0a00000,0x00000000f0a00000,0x00000000f0f80000)
 ParOldGen       total 34304K, used 5863K [0x00000000cf800000, 0x00000000d1980000, 0x00000000efd80000)
  object space 34304K, 17% used [0x00000000cf800000,0x00000000cfdb9e88,0x00000000d1980000)
 Metaspace       used 14456K, capacity 14856K, committed 14976K, reserved 1062912K
  class space    used 1750K, capacity 1874K, committed 1920K, reserved 1048576K
}
Event: 10.256 GC heap before
{Heap before GC invocations=7 (full 0):
 PSYoungGen      total 18432K, used 16969K [0x00000000efd80000, 0x00000000f2180000, 0x0000000100000000)
  eden space 12800K, 100% used [0x00000000efd80000,0x00000000f0a00000,0x00000000f0a00000)
  from space 5632K, 74% used [0x00000000f0f80000,0x00000000f13925e8,0x00000000f1500000)
  to   space 5632K, 0% used [0x00000000f0a00000,0x00000000f0a00000,0x00000000f0f80000)
 ParOldGen       total 34304K, used 5863K [0x00000000cf800000, 0x00000000d1980000, 0x00000000efd80000)
  object space 34304K, 17% used [0x00000000cf800000,0x00000000cfdb9e88,0x00000000d1980000)
 Metaspace       used 14944K, capacity 15304K, committed 15616K, reserved 1062912K
  class space    used 1827K, capacity 1938K, committed 2048K, reserved 1048576K
Event: 10.261 GC heap after
Heap after GC invocations=7 (full 0):
 PSYoungGen      total 18432K, used 2683K [0x00000000efd80000, 0x00000000f2180000, 0x0000000100000000)
  eden space 12800K, 0% used [0x00000000efd80000,0x00000000efd80000,0x00000000f0a00000)
  from space 5632K, 47% used [0x00000000f0a00000,0x00000000f0c9ef90,0x00000000f0f80000)
  to   space 5632K, 0% used [0x00000000f1c00000,0x00000000f1c00000,0x00000000f2180000)
 ParOldGen       total 34304K, used 6863K [0x00000000cf800000, 0x00000000d1980000, 0x00000000efd80000)
  object space 34304K, 20% used [0x00000000cf800000,0x00000000cfeb3f18,0x00000000d1980000)
 Metaspace       used 14944K, capacity 15304K, committed 15616K, reserved 1062912K
  class space    used 1827K, capacity 1938K, committed 2048K, reserved 1048576K
}
Event: 10.689 GC heap before
{Heap before GC invocations=8 (full 0):
 PSYoungGen      total 18432K, used 15483K [0x00000000efd80000, 0x00000000f2180000, 0x0000000100000000)
  eden space 12800K, 100% used [0x00000000efd80000,0x00000000f0a00000,0x00000000f0a00000)
  from space 5632K, 47% used [0x00000000f0a00000,0x00000000f0c9ef90,0x00000000f0f80000)
  to   space 5632K, 0% used [0x00000000f1c00000,0x00000000f1c00000,0x00000000f2180000)
 ParOldGen       total 34304K, used 6863K [0x00000000cf800000, 0x00000000d1980000, 0x00000000efd80000)
  object space 34304K, 20% used [0x00000000cf800000,0x00000000cfeb3f18,0x00000000d1980000)
 Metaspace       used 16711K, capacity 17178K, committed 17280K, reserved 1064960K
  class space    used 1969K, capacity 2139K, committed 2176K, reserved 1048576K
Event: 10.695 GC heap after
Heap after GC invocations=8 (full 0):
 PSYoungGen      total 31232K, used 3819K [0x00000000efd80000, 0x00000000f2180000, 0x0000000100000000)
  eden space 25600K, 0% used [0x00000000efd80000,0x00000000efd80000,0x00000000f1680000)
  from space 5632K, 67% used [0x00000000f1c00000,0x00000000f1fbaef0,0x00000000f2180000)
  to   space 5632K, 0% used [0x00000000f1680000,0x00000000f1680000,0x00000000f1c00000)
 ParOldGen       total 34304K, used 7479K [0x00000000cf800000, 0x00000000d1980000, 0x00000000efd80000)
  object space 34304K, 21% used [0x00000000cf800000,0x00000000cff4df48,0x00000000d1980000)
 Metaspace       used 16711K, capacity 17178K, committed 17280K, reserved 1064960K
  class space    used 1969K, capacity 2139K, committed 2176K, reserved 1048576K
}
Event: 11.344 GC heap before
{Heap before GC invocations=9 (full 0):
 PSYoungGen      total 31232K, used 29419K [0x00000000efd80000, 0x00000000f2180000, 0x0000000100000000)
  eden space 25600K, 100% used [0x00000000efd80000,0x00000000f1680000,0x00000000f1680000)
  from space 5632K, 67% used [0x00000000f1c00000,0x00000000f1fbaef0,0x00000000f2180000)
  to   space 5632K, 0% used [0x00000000f1680000,0x00000000f1680000,0x00000000f1c00000)
 ParOldGen       total 34304K, used 7479K [0x00000000cf800000, 0x00000000d1980000, 0x00000000efd80000)
  object space 34304K, 21% used [0x00000000cf800000,0x00000000cff4df48,0x00000000d1980000)
 Metaspace       used 18463K, capacity 18974K, committed 19328K, reserved 1067008K
  class space    used 2183K, capacity 2307K, committed 2432K, reserved 1048576K
Event: 11.352 GC heap after
Heap after GC invocations=9 (full 0):
 PSYoungGen      total 31232K, used 4675K [0x00000000efd80000, 0x00000000f3180000, 0x0000000100000000)
  eden space 25600K, 0% used [0x00000000efd80000,0x00000000efd80000,0x00000000f1680000)
  from space 5632K, 83% used [0x00000000f1680000,0x00000000f1b10f70,0x00000000f1c00000)
  to   space 6144K, 0% used [0x00000000f2b80000,0x00000000f2b80000,0x00000000f3180000)
 ParOldGen       total 34304K, used 8879K [0x00000000cf800000, 0x00000000d1980000, 0x00000000efd80000)
  object space 34304K, 25% used [0x00000000cf800000,0x00000000d00abf68,0x00000000d1980000)
 Metaspace       used 18463K, capacity 18974K, committed 19328K, reserved 1067008K
  class space    used 2183K, capacity 2307K, committed 2432K, reserved 1048576K
}
Event: 11.447 GC heap before
{Heap before GC invocations=10 (full 0):
 PSYoungGen      total 31232K, used 12167K [0x00000000efd80000, 0x00000000f3180000, 0x0000000100000000)
  eden space 25600K, 29% used [0x00000000efd80000,0x00000000f04d0eb8,0x00000000f1680000)
  from space 5632K, 83% used [0x00000000f1680000,0x00000000f1b10f70,0x00000000f1c00000)
  to   space 6144K, 0% used [0x00000000f2b80000,0x00000000f2b80000,0x00000000f3180000)
 ParOldGen       total 34304K, used 8879K [0x00000000cf800000, 0x00000000d1980000, 0x00000000efd80000)
  object space 34304K, 25% used [0x00000000cf800000,0x00000000d00abf68,0x00000000d1980000)
 Metaspace       used 18721K, capacity 19198K, committed 19328K, reserved 1071104K
  class space    used 2200K, capacity 2339K, committed 2432K, reserved 1048576K
Event: 11.456 GC heap after
Heap after GC invocations=10 (full 0):
 PSYoungGen      total 46080K, used 3060K [0x00000000efd80000, 0x00000000f3080000, 0x0000000100000000)
  eden space 40960K, 0% used [0x00000000efd80000,0x00000000efd80000,0x00000000f2580000)
  from space 5120K, 59% used [0x00000000f2b80000,0x00000000f2e7d170,0x00000000f3080000)
  to   space 5632K, 0% used [0x00000000f2580000,0x00000000f2580000,0x00000000f2b00000)
 ParOldGen       total 34304K, used 10144K [0x00000000cf800000, 0x00000000d1980000, 0x00000000efd80000)
  object space 34304K, 29% used [0x00000000cf800000,0x00000000d01e8068,0x00000000d1980000)
 Metaspace       used 18721K, capacity 19198K, committed 19328K, reserved 1071104K
  class space    used 2200K, capacity 2339K, committed 2432K, reserved 1048576K
}
Event: 11.456 GC heap before
{Heap before GC invocations=11 (full 1):
 PSYoungGen      total 46080K, used 3060K [0x00000000efd80000, 0x00000000f3080000, 0x0000000100000000)
  eden space 40960K, 0% used [0x00000000efd80000,0x00000000efd80000,0x00000000f2580000)
  from space 5120K, 59% used [0x00000000f2b80000,0x00000000f2e7d170,0x00000000f3080000)
  to   space 5632K, 0% used [0x00000000f2580000,0x00000000f2580000,0x00000000f2b00000)
 ParOldGen       total 34304K, used 10144K [0x00000000cf800000, 0x00000000d1980000, 0x00000000efd80000)
  object space 34304K, 29% used [0x00000000cf800000,0x00000000d01e8068,0x00000000d1980000)
 Metaspace       used 18721K, capacity 19198K, committed 19328K, reserved 1071104K
  class space    used 2200K, capacity 2339K, committed 2432K, reserved 1048576K

